<html>
<head>
<title>TestNG:  Default test</title>
<link href="../testng.css" rel="stylesheet" type="text/css" />
<link href="../my-testng.css" rel="stylesheet" type="text/css" />

<style type="text/css">
.log { display: none;} 
.stack-trace { display: none;} 
</style>
<script type="text/javascript">
<!--
function flip(e) {
  current = e.style.display;
  if (current == 'block') {
    e.style.display = 'none';
    return 0;
  }
  else {
    e.style.display = 'block';
    return 1;
  }
}

function toggleBox(szDivId, elem, msg1, msg2)
{
  var res = -1;  if (document.getElementById) {
    res = flip(document.getElementById(szDivId));
  }
  else if (document.all) {
    // this is the way old msie versions work
    res = flip(document.all[szDivId]);
  }
  if(elem) {
    if(res == 0) elem.innerHTML = msg1; else elem.innerHTML = msg2;
  }

}

function toggleAllBoxes() {
  if (document.getElementsByTagName) {
    d = document.getElementsByTagName('div');
    for (i = 0; i < d.length; i++) {
      if (d[i].className == 'log') {
        flip(d[i]);
      }
    }
  }
}

// -->
</script>

</head>
<body>
<h2 align='center'>Default test</h2><table border='1' align="center">
<tr>
<td>Tests passed/Failed/Skipped:</td><td>7/2/0</td>
</tr><tr>
<td>Started on:</td><td>Fri Dec 01 11:50:43 GMT 2023</td>
</tr>
<tr><td>Total time:</td><td>1405 seconds (1405813 ms)</td>
</tr><tr>
<td>Included groups:</td><td></td>
</tr><tr>
<td>Excluded groups:</td><td></td>
</tr>
</table><p/>
<small><i>(Hover the method name to see the test class name)</i></small><p/>
<table width='100%' border='1' class='invocation-failed'>
<tr><td colspan='4' align='center'><b>FAILED TESTS</b></td></tr>
<tr><td><b>Test method</b></td>
<td width="30%"><b>Exception</b></td>
<td width="10%"><b>Time (seconds)</b></td>
<td><b>Instance</b></td>
</tr>
<tr>
<td title='com.sat.TestRunner.RLAPTestRunner.runScenario()'><b>runScenario</b><br>Test class: com.sat.TestRunner.RLAPTestRunner<br>Test method: Runs Cucumber Scenarios<br>Parameters: "RLAP Mears_Complete a service user search - Active/surname", "TC_167057:  RLAP Mears_Complete a service user search - Active/surname"</td>
<td><div><pre>org.openqa.selenium.NoSuchElementException: no such element: Unable to locate element: {&quot;method&quot;:&quot;xpath&quot;,&quot;selector&quot;:&quot;(//*[starts-with(@class,&apos;mat-row cdk-row mears&apos;)]//*[contains(text(),&apos;wheeler&apos;)])[1]&quot;}
  (Session info: chrome=114.0.5735.91)
For documentation on this error, please visit: https://www.seleniumhq.org/exceptions/no_such_element.html
Build info: version: &apos;3.141.59&apos;, revision: &apos;e82be7d358&apos;, time: &apos;2018-11-14T08:17:03&apos;
System info: host: &apos;A45318&apos;, ip: &apos;192.168.1.138&apos;, os.name: &apos;Windows 10&apos;, os.arch: &apos;amd64&apos;, os.version: &apos;10.0&apos;, java.version: &apos;17.0.7&apos;
Driver info: org.openqa.selenium.chrome.ChromeDriver
Capabilities {acceptInsecureCerts: false, browserName: chrome, browserVersion: 114.0.5735.91, chrome: {chromedriverVersion: 114.0.5735.90 (386bc09e8f4f..., userDataDir: C:\Users\NEHA~1.SAI\AppData...}, goog:chromeOptions: {debuggerAddress: localhost:57173}, javascriptEnabled: true, networkConnectionEnabled: false, pageLoadStrategy: normal, platform: WINDOWS, platformName: WINDOWS, proxy: Proxy(), setWindowRect: true, strictFileInteractability: false, timeouts: {implicit: 0, pageLoad: 300000, script: 30000}, unhandledPromptBehavior: dismiss and notify, webauthn:extension:credBlob: true, webauthn:extension:largeBlob: true, webauthn:extension:minPinLength: true, webauthn:extension:prf: true, webauthn:virtualAuthenticators: true}
Session ID: a73cacbb2c667e7cbeec8c445f93acbd
*** Element info: {Using=xpath, value=(//*[starts-with(@class,&apos;mat-row cdk-row mears&apos;)]//*[contains(text(),&apos;wheeler&apos;)])[1]}
	at java.base/jdk.internal.reflect.NativeConstructorAccessorImpl.newInstance0(Native Method)
	at java.base/jdk.internal.reflect.NativeConstructorAccessorImpl.newInstance(NativeConstructorAccessorImpl.java:77)
	at java.base/jdk.internal.reflect.DelegatingConstructorAccessorImpl.newInstance(DelegatingConstructorAccessorImpl.java:45)
	at java.base/java.lang.reflect.Constructor.newInstanceWithCaller(Constructor.java:499)
	at java.base/java.lang.reflect.Constructor.newInstance(Constructor.java:480)
	at org.openqa.selenium.remote.http.W3CHttpResponseCodec.createException(W3CHttpResponseCodec.java:187)
	at org.openqa.selenium.remote.http.W3CHttpResponseCodec.decode(W3CHttpResponseCodec.java:122)
	at org.openqa.selenium.remote.http.W3CHttpResponseCodec.decode(W3CHttpResponseCodec.java:49)
	at org.openqa.selenium.remote.HttpCommandExecutor.execute(HttpCommandExecutor.java:158)
	at org.openqa.selenium.remote.service.DriverCommandExecutor.execute(DriverCommandExecutor.java:83)
	at org.openqa.selenium.remote.RemoteWebDriver.execute(RemoteWebDriver.java:552)
	at org.openqa.selenium.remote.RemoteWebDriver.findElement(RemoteWebDriver.java:323)
	at org.openqa.selenium.remote.RemoteWebDriver.findElementByXPath(RemoteWebDriver.java:428)
	at org.openqa.selenium.By$ByXPath.findElement(By.java:353)
	at org.openqa.selenium.remote.RemoteWebDriver.findElement(RemoteWebDriver.java:315)
	at com.sat.Pages.AASCHmAddPage.selectserviceuser(AASCHmAddPage.java:977)
	at com.sat.StepDefinitions.AASCHMRaiseanIncidentagainstOtherStepDef.user_select_service_user(AASCHMRaiseanIncidentagainstOtherStepDef.java:477)
	at ✽.user Select the service user &quot;wheeler&quot; from the list(file:///C:/Neha/HM_Automation-master/HM_Automation-master/src/test/resources/com.sat.Features/RLAP/TC_167057_RLAP%20Mears_Complete_service_user_search_surname.feature:17)
</pre></div><a href='#' onClick='toggleBox("stack-trace1471036430", this, "Click to show all stack frames", "Click to hide stack frames")'>Click to show all stack frames</a>
<div class='stack-trace' id='stack-trace1471036430'><pre>org.openqa.selenium.NoSuchElementException: no such element: Unable to locate element: {&quot;method&quot;:&quot;xpath&quot;,&quot;selector&quot;:&quot;(//*[starts-with(@class,&apos;mat-row cdk-row mears&apos;)]//*[contains(text(),&apos;wheeler&apos;)])[1]&quot;}
  (Session info: chrome=114.0.5735.91)
For documentation on this error, please visit: https://www.seleniumhq.org/exceptions/no_such_element.html
Build info: version: &apos;3.141.59&apos;, revision: &apos;e82be7d358&apos;, time: &apos;2018-11-14T08:17:03&apos;
System info: host: &apos;A45318&apos;, ip: &apos;192.168.1.138&apos;, os.name: &apos;Windows 10&apos;, os.arch: &apos;amd64&apos;, os.version: &apos;10.0&apos;, java.version: &apos;17.0.7&apos;
Driver info: org.openqa.selenium.chrome.ChromeDriver
Capabilities {acceptInsecureCerts: false, browserName: chrome, browserVersion: 114.0.5735.91, chrome: {chromedriverVersion: 114.0.5735.90 (386bc09e8f4f..., userDataDir: C:\Users\NEHA~1.SAI\AppData...}, goog:chromeOptions: {debuggerAddress: localhost:57173}, javascriptEnabled: true, networkConnectionEnabled: false, pageLoadStrategy: normal, platform: WINDOWS, platformName: WINDOWS, proxy: Proxy(), setWindowRect: true, strictFileInteractability: false, timeouts: {implicit: 0, pageLoad: 300000, script: 30000}, unhandledPromptBehavior: dismiss and notify, webauthn:extension:credBlob: true, webauthn:extension:largeBlob: true, webauthn:extension:minPinLength: true, webauthn:extension:prf: true, webauthn:virtualAuthenticators: true}
Session ID: a73cacbb2c667e7cbeec8c445f93acbd
*** Element info: {Using=xpath, value=(//*[starts-with(@class,&apos;mat-row cdk-row mears&apos;)]//*[contains(text(),&apos;wheeler&apos;)])[1]}
	at java.base/jdk.internal.reflect.NativeConstructorAccessorImpl.newInstance0(Native Method)
	at java.base/jdk.internal.reflect.NativeConstructorAccessorImpl.newInstance(NativeConstructorAccessorImpl.java:77)
	at java.base/jdk.internal.reflect.DelegatingConstructorAccessorImpl.newInstance(DelegatingConstructorAccessorImpl.java:45)
	at java.base/java.lang.reflect.Constructor.newInstanceWithCaller(Constructor.java:499)
	at java.base/java.lang.reflect.Constructor.newInstance(Constructor.java:480)
	at org.openqa.selenium.remote.http.W3CHttpResponseCodec.createException(W3CHttpResponseCodec.java:187)
	at org.openqa.selenium.remote.http.W3CHttpResponseCodec.decode(W3CHttpResponseCodec.java:122)
	at org.openqa.selenium.remote.http.W3CHttpResponseCodec.decode(W3CHttpResponseCodec.java:49)
	at org.openqa.selenium.remote.HttpCommandExecutor.execute(HttpCommandExecutor.java:158)
	at org.openqa.selenium.remote.service.DriverCommandExecutor.execute(DriverCommandExecutor.java:83)
	at org.openqa.selenium.remote.RemoteWebDriver.execute(RemoteWebDriver.java:552)
	at org.openqa.selenium.remote.RemoteWebDriver.findElement(RemoteWebDriver.java:323)
	at org.openqa.selenium.remote.RemoteWebDriver.findElementByXPath(RemoteWebDriver.java:428)
	at org.openqa.selenium.By$ByXPath.findElement(By.java:353)
	at org.openqa.selenium.remote.RemoteWebDriver.findElement(RemoteWebDriver.java:315)
	at com.sat.Pages.AASCHmAddPage.selectserviceuser(AASCHmAddPage.java:977)
	at com.sat.StepDefinitions.AASCHMRaiseanIncidentagainstOtherStepDef.user_select_service_user(AASCHMRaiseanIncidentagainstOtherStepDef.java:477)
	at ✽.user Select the service user &quot;wheeler&quot; from the list(file:///C:/Neha/HM_Automation-master/HM_Automation-master/src/test/resources/com.sat.Features/RLAP/TC_167057_RLAP%20Mears_Complete_service_user_search_surname.feature:17)
</pre></div></td>
<td>86</td>
<td>com.sat.TestRunner.RLAPTestRunner@2892d68</td></tr>
<tr>
<td title='com.sat.TestRunner.RLAPTestRunner.runScenario()'><b>runScenario</b><br>Test class: com.sat.TestRunner.RLAPTestRunner<br>Test method: Runs Cucumber Scenarios<br>Parameters: "Make sure User is able to Login", "RLAP Mears_Add risk assessment and risk and then Edit the Risk - Add mitigation"</td>
<td><div><pre>org.openqa.selenium.NoSuchElementException: no such element: Unable to locate element: {&quot;method&quot;:&quot;xpath&quot;,&quot;selector&quot;:&quot;//*[@aria-label=&apos;Open calendar&apos;]&quot;}
  (Session info: chrome=114.0.5735.91)
For documentation on this error, please visit: https://www.seleniumhq.org/exceptions/no_such_element.html
Build info: version: &apos;3.141.59&apos;, revision: &apos;e82be7d358&apos;, time: &apos;2018-11-14T08:17:03&apos;
System info: host: &apos;A45318&apos;, ip: &apos;192.168.1.138&apos;, os.name: &apos;Windows 10&apos;, os.arch: &apos;amd64&apos;, os.version: &apos;10.0&apos;, java.version: &apos;17.0.7&apos;
Driver info: org.openqa.selenium.chrome.ChromeDriver
Capabilities {acceptInsecureCerts: false, browserName: chrome, browserVersion: 114.0.5735.91, chrome: {chromedriverVersion: 114.0.5735.90 (386bc09e8f4f..., userDataDir: C:\Users\NEHA~1.SAI\AppData...}, goog:chromeOptions: {debuggerAddress: localhost:56703}, javascriptEnabled: true, networkConnectionEnabled: false, pageLoadStrategy: normal, platform: WINDOWS, platformName: WINDOWS, proxy: Proxy(), setWindowRect: true, strictFileInteractability: false, timeouts: {implicit: 0, pageLoad: 300000, script: 30000}, unhandledPromptBehavior: dismiss and notify, webauthn:extension:credBlob: true, webauthn:extension:largeBlob: true, webauthn:extension:minPinLength: true, webauthn:extension:prf: true, webauthn:virtualAuthenticators: true}
Session ID: 2f19277dffdafa79f11d639129cd3ca2
*** Element info: {Using=xpath, value=//*[@aria-label=&apos;Open calendar&apos;]}
	at java.base/jdk.internal.reflect.NativeConstructorAccessorImpl.newInstance0(Native Method)
	at java.base/jdk.internal.reflect.NativeConstructorAccessorImpl.newInstance(NativeConstructorAccessorImpl.java:77)
	at java.base/jdk.internal.reflect.DelegatingConstructorAccessorImpl.newInstance(DelegatingConstructorAccessorImpl.java:45)
	at java.base/java.lang.reflect.Constructor.newInstanceWithCaller(Constructor.java:499)
	at java.base/java.lang.reflect.Constructor.newInstance(Constructor.java:480)
	at org.openqa.selenium.remote.http.W3CHttpResponseCodec.createException(W3CHttpResponseCodec.java:187)
	at org.openqa.selenium.remote.http.W3CHttpResponseCodec.decode(W3CHttpResponseCodec.java:122)
	at org.openqa.selenium.remote.http.W3CHttpResponseCodec.decode(W3CHttpResponseCodec.java:49)
	at org.openqa.selenium.remote.HttpCommandExecutor.execute(HttpCommandExecutor.java:158)
	at org.openqa.selenium.remote.service.DriverCommandExecutor.execute(DriverCommandExecutor.java:83)
	at org.openqa.selenium.remote.RemoteWebDriver.execute(RemoteWebDriver.java:552)
	at org.openqa.selenium.remote.RemoteWebDriver.findElement(RemoteWebDriver.java:323)
	at org.openqa.selenium.remote.RemoteWebDriver.findElementByXPath(RemoteWebDriver.java:428)
	at org.openqa.selenium.By$ByXPath.findElement(By.java:353)
	at org.openqa.selenium.remote.RemoteWebDriver.findElement(RemoteWebDriver.java:315)
	at org.openqa.selenium.support.pagefactory.DefaultElementLocator.findElement(DefaultElementLocator.java:69)
	at org.openqa.selenium.support.pagefactory.internal.LocatingElementHandler.invoke(LocatingElementHandler.java:38)
	at jdk.proxy2/jdk.proxy2.$Proxy25.click(Unknown Source)
	at com.sat.Pages.MCMviewAppLoginPage.selectSlotDate(MCMviewAppLoginPage.java:1375)
	at com.sat.StepDefinitions.MCMloginStepDef.select_slot_date(MCMloginStepDef.java:462)
	at ✽.user click the calender and select the slot &quot;August&quot; &quot;2023&quot; &quot;29&quot;(file:///C:/Neha/HM_Automation-master/HM_Automation-master/src/test/resources/com.sat.Features/RLAP/@TC167371_RLAP_Mears_Add_risk_assessment_and_risk_and_then-Edit_the_Risk-Add_mitigation.feature:28)
</pre></div><a href='#' onClick='toggleBox("stack-trace1337208570", this, "Click to show all stack frames", "Click to hide stack frames")'>Click to show all stack frames</a>
<div class='stack-trace' id='stack-trace1337208570'><pre>org.openqa.selenium.NoSuchElementException: no such element: Unable to locate element: {&quot;method&quot;:&quot;xpath&quot;,&quot;selector&quot;:&quot;//*[@aria-label=&apos;Open calendar&apos;]&quot;}
  (Session info: chrome=114.0.5735.91)
For documentation on this error, please visit: https://www.seleniumhq.org/exceptions/no_such_element.html
Build info: version: &apos;3.141.59&apos;, revision: &apos;e82be7d358&apos;, time: &apos;2018-11-14T08:17:03&apos;
System info: host: &apos;A45318&apos;, ip: &apos;192.168.1.138&apos;, os.name: &apos;Windows 10&apos;, os.arch: &apos;amd64&apos;, os.version: &apos;10.0&apos;, java.version: &apos;17.0.7&apos;
Driver info: org.openqa.selenium.chrome.ChromeDriver
Capabilities {acceptInsecureCerts: false, browserName: chrome, browserVersion: 114.0.5735.91, chrome: {chromedriverVersion: 114.0.5735.90 (386bc09e8f4f..., userDataDir: C:\Users\NEHA~1.SAI\AppData...}, goog:chromeOptions: {debuggerAddress: localhost:56703}, javascriptEnabled: true, networkConnectionEnabled: false, pageLoadStrategy: normal, platform: WINDOWS, platformName: WINDOWS, proxy: Proxy(), setWindowRect: true, strictFileInteractability: false, timeouts: {implicit: 0, pageLoad: 300000, script: 30000}, unhandledPromptBehavior: dismiss and notify, webauthn:extension:credBlob: true, webauthn:extension:largeBlob: true, webauthn:extension:minPinLength: true, webauthn:extension:prf: true, webauthn:virtualAuthenticators: true}
Session ID: 2f19277dffdafa79f11d639129cd3ca2
*** Element info: {Using=xpath, value=//*[@aria-label=&apos;Open calendar&apos;]}
	at java.base/jdk.internal.reflect.NativeConstructorAccessorImpl.newInstance0(Native Method)
	at java.base/jdk.internal.reflect.NativeConstructorAccessorImpl.newInstance(NativeConstructorAccessorImpl.java:77)
	at java.base/jdk.internal.reflect.DelegatingConstructorAccessorImpl.newInstance(DelegatingConstructorAccessorImpl.java:45)
	at java.base/java.lang.reflect.Constructor.newInstanceWithCaller(Constructor.java:499)
	at java.base/java.lang.reflect.Constructor.newInstance(Constructor.java:480)
	at org.openqa.selenium.remote.http.W3CHttpResponseCodec.createException(W3CHttpResponseCodec.java:187)
	at org.openqa.selenium.remote.http.W3CHttpResponseCodec.decode(W3CHttpResponseCodec.java:122)
	at org.openqa.selenium.remote.http.W3CHttpResponseCodec.decode(W3CHttpResponseCodec.java:49)
	at org.openqa.selenium.remote.HttpCommandExecutor.execute(HttpCommandExecutor.java:158)
	at org.openqa.selenium.remote.service.DriverCommandExecutor.execute(DriverCommandExecutor.java:83)
	at org.openqa.selenium.remote.RemoteWebDriver.execute(RemoteWebDriver.java:552)
	at org.openqa.selenium.remote.RemoteWebDriver.findElement(RemoteWebDriver.java:323)
	at org.openqa.selenium.remote.RemoteWebDriver.findElementByXPath(RemoteWebDriver.java:428)
	at org.openqa.selenium.By$ByXPath.findElement(By.java:353)
	at org.openqa.selenium.remote.RemoteWebDriver.findElement(RemoteWebDriver.java:315)
	at org.openqa.selenium.support.pagefactory.DefaultElementLocator.findElement(DefaultElementLocator.java:69)
	at org.openqa.selenium.support.pagefactory.internal.LocatingElementHandler.invoke(LocatingElementHandler.java:38)
	at jdk.proxy2/jdk.proxy2.$Proxy25.click(Unknown Source)
	at com.sat.Pages.MCMviewAppLoginPage.selectSlotDate(MCMviewAppLoginPage.java:1375)
	at com.sat.StepDefinitions.MCMloginStepDef.select_slot_date(MCMloginStepDef.java:462)
	at ✽.user click the calender and select the slot &quot;August&quot; &quot;2023&quot; &quot;29&quot;(file:///C:/Neha/HM_Automation-master/HM_Automation-master/src/test/resources/com.sat.Features/RLAP/@TC167371_RLAP_Mears_Add_risk_assessment_and_risk_and_then-Edit_the_Risk-Add_mitigation.feature:28)
</pre></div></td>
<td>356</td>
<td>com.sat.TestRunner.RLAPTestRunner@2892d68</td></tr>
</table><p>
<table width='100%' border='1' class='invocation-passed'>
<tr><td colspan='4' align='center'><b>PASSED TESTS</b></td></tr>
<tr><td><b>Test method</b></td>
<td width="30%"><b>Exception</b></td>
<td width="10%"><b>Time (seconds)</b></td>
<td><b>Instance</b></td>
</tr>
<tr>
<td title='com.sat.TestRunner.RLAPTestRunner.runScenario()'><b>runScenario</b><br>Test class: com.sat.TestRunner.RLAPTestRunner<br>Test method: Runs Cucumber Scenarios<br>Parameters: "AASC HM_Create a PM appointment for today", "TC_150655:AASC HM_Create a AM appointment for today"</td>
<td></td>
<td>116</td>
<td>com.sat.TestRunner.RLAPTestRunner@2892d68</td></tr>
<tr>
<td title='com.sat.TestRunner.RLAPTestRunner.runScenario()'><b>runScenario</b><br>Test class: com.sat.TestRunner.RLAPTestRunner<br>Test method: Runs Cucumber Scenarios<br>Parameters: "Make sure User is able to Login", "AASC HM & RLAP & Living-HO - Add a Risk - Mandatory fields only"</td>
<td></td>
<td>83</td>
<td>com.sat.TestRunner.RLAPTestRunner@2892d68</td></tr>
<tr>
<td title='com.sat.TestRunner.RLAPTestRunner.runScenario()'><b>runScenario</b><br>Test class: com.sat.TestRunner.RLAPTestRunner<br>Test method: Runs Cucumber Scenarios<br>Parameters: "Make sure User is able to Login", "RLAP Mears_Address Page - Edit risk - Add incidents"</td>
<td></td>
<td>315</td>
<td>com.sat.TestRunner.RLAPTestRunner@2892d68</td></tr>
<tr>
<td title='com.sat.TestRunner.RLAPTestRunner.runScenario()'><b>runScenario</b><br>Test class: com.sat.TestRunner.RLAPTestRunner<br>Test method: Runs Cucumber Scenarios<br>Parameters: "AASC HM_Create a PM appointment for today", "TC_150655:AASC HM_Create a AM appointment for today"</td>
<td></td>
<td>116</td>
<td>com.sat.TestRunner.RLAPTestRunner@2892d68</td></tr>
<tr>
<td title='com.sat.TestRunner.RLAPTestRunner.runScenario()'><b>runScenario</b><br>Test class: com.sat.TestRunner.RLAPTestRunner<br>Test method: Runs Cucumber Scenarios<br>Parameters: "RLAP Mears_Edit Service User - Edit Email address", "RLAP Mears_Edit Service User - Edit Email address"</td>
<td></td>
<td>83</td>
<td>com.sat.TestRunner.RLAPTestRunner@2892d68</td></tr>
<tr>
<td title='com.sat.TestRunner.RLAPTestRunner.runScenario()'><b>runScenario</b><br>Test class: com.sat.TestRunner.RLAPTestRunner<br>Test method: Runs Cucumber Scenarios<br>Parameters: "RLAP Mears_Edit Service User - Edit Email address and Accomdation status", "RLAP Mears_Edit Service User - Edit Email address_Accomdation status_ Edit Tel No"</td>
<td></td>
<td>127</td>
<td>com.sat.TestRunner.RLAPTestRunner@2892d68</td></tr>
<tr>
<td title='com.sat.TestRunner.RLAPTestRunner.runScenario()'><b>runScenario</b><br>Test class: com.sat.TestRunner.RLAPTestRunner<br>Test method: Runs Cucumber Scenarios<br>Parameters: "Make sure User is able to Login", "RLAP Mears_Address Page - Add keys marking 1 as default"</td>
<td></td>
<td>114</td>
<td>com.sat.TestRunner.RLAPTestRunner@2892d68</td></tr>
</table><p>
</body>
</html>