<?xml version="1.0" encoding="UTF-8"?>
<!-- Generated by org.testng.reporters.JUnitReportReporter -->
<testsuite hostname="A45318" failures="0" tests="13" name="com.sat.TestRunner.AASCHousingPack1" time="1671.310" errors="1" timestamp="2023-11-29T14:23:39 GMT" skipped="0">
  <testcase classname="com.sat.TestRunner.AASCHousingPack1" name="runScenario" time="196.428"/>
  <system-out/>
  <testcase classname="com.sat.TestRunner.AASCHousingPack1" name="runScenario" time="177.146"/>
  <system-out/>
  <testcase classname="com.sat.TestRunner.AASCHousingPack1" name="runScenario" time="81.192">
    <error message="no such element: Unable to locate element: {&quot;method&quot;:&quot;xpath&quot;,&quot;selector&quot;:&quot;(//*[starts-with(@class,&#039;mat-row cdk-row mears&#039;)]//*[contains(text(),&#039;wheeler&#039;)])[1]&quot;}
  (Session info: chrome=114.0.5735.91)
For documentation on this error, please visit: https://www.seleniumhq.org/exceptions/no_such_element.html
Build info: version: &#039;3.141.59&#039;, revision: &#039;e82be7d358&#039;, time: &#039;2018-11-14T08:17:03&#039;
System info: host: &#039;A45318&#039;, ip: &#039;192.168.1.138&#039;, os.name: &#039;Windows 10&#039;, os.arch: &#039;amd64&#039;, os.version: &#039;10.0&#039;, java.version: &#039;17.0.7&#039;
Driver info: org.openqa.selenium.chrome.ChromeDriver
Capabilities {acceptInsecureCerts: false, browserName: chrome, browserVersion: 114.0.5735.91, chrome: {chromedriverVersion: 114.0.5735.90 (386bc09e8f4f..., userDataDir: C:\Users\NEHA~1.SAI\AppData...}, goog:chromeOptions: {debuggerAddress: localhost:58817}, javascriptEnabled: true, networkConnectionEnabled: false, pageLoadStrategy: normal, platform: WINDOWS, platformName: WINDOWS, proxy: Proxy(), setWindowRect: true, strictFileInteractability: false, timeouts: {implicit: 0, pageLoad: 300000, script: 30000}, unhandledPromptBehavior: dismiss and notify, webauthn:extension:credBlob: true, webauthn:extension:largeBlob: true, webauthn:extension:minPinLength: true, webauthn:extension:prf: true, webauthn:virtualAuthenticators: true}
Session ID: 789fd220d5b3e1ebb47cf0f75ba62021
*** Element info: {Using=xpath, value=(//*[starts-with(@class,&#039;mat-row cdk-row mears&#039;)]//*[contains(text(),&#039;wheeler&#039;)])[1]}" type="org.openqa.selenium.NoSuchElementException">
      <![CDATA[org.openqa.selenium.NoSuchElementException: no such element: Unable to locate element: {"method":"xpath","selector":"(//*[starts-with(@class,'mat-row cdk-row mears')]//*[contains(text(),'wheeler')])[1]"}
  (Session info: chrome=114.0.5735.91)
For documentation on this error, please visit: https://www.seleniumhq.org/exceptions/no_such_element.html
Build info: version: '3.141.59', revision: 'e82be7d358', time: '2018-11-14T08:17:03'
System info: host: 'A45318', ip: '192.168.1.138', os.name: 'Windows 10', os.arch: 'amd64', os.version: '10.0', java.version: '17.0.7'
Driver info: org.openqa.selenium.chrome.ChromeDriver
Capabilities {acceptInsecureCerts: false, browserName: chrome, browserVersion: 114.0.5735.91, chrome: {chromedriverVersion: 114.0.5735.90 (386bc09e8f4f..., userDataDir: C:\Users\NEHA~1.SAI\AppData...}, goog:chromeOptions: {debuggerAddress: localhost:58817}, javascriptEnabled: true, networkConnectionEnabled: false, pageLoadStrategy: normal, platform: WINDOWS, platformName: WINDOWS, proxy: Proxy(), setWindowRect: true, strictFileInteractability: false, timeouts: {implicit: 0, pageLoad: 300000, script: 30000}, unhandledPromptBehavior: dismiss and notify, webauthn:extension:credBlob: true, webauthn:extension:largeBlob: true, webauthn:extension:minPinLength: true, webauthn:extension:prf: true, webauthn:virtualAuthenticators: true}
Session ID: 789fd220d5b3e1ebb47cf0f75ba62021
*** Element info: {Using=xpath, value=(//*[starts-with(@class,'mat-row cdk-row mears')]//*[contains(text(),'wheeler')])[1]}
at java.base/jdk.internal.reflect.NativeConstructorAccessorImpl.newInstance0(Native Method)
at java.base/jdk.internal.reflect.NativeConstructorAccessorImpl.newInstance(NativeConstructorAccessorImpl.java:77)
at java.base/jdk.internal.reflect.DelegatingConstructorAccessorImpl.newInstance(DelegatingConstructorAccessorImpl.java:45)
at java.base/java.lang.reflect.Constructor.newInstanceWithCaller(Constructor.java:499)
at java.base/java.lang.reflect.Constructor.newInstance(Constructor.java:480)
at org.openqa.selenium.remote.http.W3CHttpResponseCodec.createException(W3CHttpResponseCodec.java:187)
at org.openqa.selenium.remote.http.W3CHttpResponseCodec.decode(W3CHttpResponseCodec.java:122)
at org.openqa.selenium.remote.http.W3CHttpResponseCodec.decode(W3CHttpResponseCodec.java:49)
at org.openqa.selenium.remote.HttpCommandExecutor.execute(HttpCommandExecutor.java:158)
at org.openqa.selenium.remote.service.DriverCommandExecutor.execute(DriverCommandExecutor.java:83)
at org.openqa.selenium.remote.RemoteWebDriver.execute(RemoteWebDriver.java:552)
at org.openqa.selenium.remote.RemoteWebDriver.findElement(RemoteWebDriver.java:323)
at org.openqa.selenium.remote.RemoteWebDriver.findElementByXPath(RemoteWebDriver.java:428)
at org.openqa.selenium.By$ByXPath.findElement(By.java:353)
at org.openqa.selenium.remote.RemoteWebDriver.findElement(RemoteWebDriver.java:315)
at com.sat.Pages.AASCHmAddPage.selectserviceuser(AASCHmAddPage.java:977)
at com.sat.StepDefinitions.AASCHMRaiseanIncidentagainstOtherStepDef.user_select_service_user(AASCHMRaiseanIncidentagainstOtherStepDef.java:477)
at âœ½.user Select the service user "wheeler" from the list(file:///C:/Neha/HM_Automation-master/HM_Automation-master/src/test/resources/com.sat.Features/AASC_HM/TC_166600_AASC_HM_Complete_a_service_user_search_Activesurname_Done.feature:19)
]]>
    </error>
  </testcase> <!-- runScenario -->
  <system-out/>
  <testcase classname="com.sat.TestRunner.AASCHousingPack1" name="runScenario" time="134.333"/>
  <system-out/>
  <testcase classname="com.sat.TestRunner.AASCHousingPack1" name="runScenario" time="107.630"/>
  <system-out/>
  <testcase classname="com.sat.TestRunner.AASCHousingPack1" name="runScenario" time="200.397"/>
  <system-out/>
  <testcase classname="com.sat.TestRunner.AASCHousingPack1" name="runScenario" time="121.696"/>
  <system-out/>
  <testcase classname="com.sat.TestRunner.AASCHousingPack1" name="runScenario" time="211.120"/>
  <system-out/>
  <testcase classname="com.sat.TestRunner.AASCHousingPack1" name="runScenario" time="93.985"/>
  <system-out/>
  <testcase classname="com.sat.TestRunner.AASCHousingPack1" name="runScenario" time="79.837"/>
  <system-out/>
  <testcase classname="com.sat.TestRunner.AASCHousingPack1" name="runScenario" time="80.306"/>
  <system-out/>
  <testcase classname="com.sat.TestRunner.AASCHousingPack1" name="runScenario" time="115.076"/>
  <system-out/>
  <testcase classname="com.sat.TestRunner.AASCHousingPack1" name="runScenario" time="72.164"/>
  <system-out/>
</testsuite> <!-- com.sat.TestRunner.AASCHousingPack1 -->
