<?xml version="1.0" encoding="UTF-8"?>
<!-- Generated by org.testng.reporters.JUnitReportReporter -->
<testsuite hostname="A45318" failures="0" tests="21" name="com.sat.TestRunner.AASCH_TestRunner" time="3193.609" errors="1" timestamp="2023-10-24T12:22:18 BST" skipped="0">
  <testcase classname="com.sat.TestRunner.AASCH_TestRunner" name="runScenario" time="356.842"/>
  <system-out/>
  <testcase classname="com.sat.TestRunner.AASCH_TestRunner" name="runScenario" time="156.787"/>
  <system-out/>
  <testcase classname="com.sat.TestRunner.AASCH_TestRunner" name="runScenario" time="204.560"/>
  <system-out/>
  <testcase classname="com.sat.TestRunner.AASCH_TestRunner" name="runScenario" time="45.292"/>
  <system-out/>
  <testcase classname="com.sat.TestRunner.AASCH_TestRunner" name="runScenario" time="187.100"/>
  <system-out/>
  <testcase classname="com.sat.TestRunner.AASCH_TestRunner" name="runScenario" time="74.889"/>
  <system-out/>
  <testcase classname="com.sat.TestRunner.AASCH_TestRunner" name="runScenario" time="167.594"/>
  <system-out/>
  <testcase classname="com.sat.TestRunner.AASCH_TestRunner" name="runScenario" time="91.349"/>
  <system-out/>
  <testcase classname="com.sat.TestRunner.AASCH_TestRunner" name="runScenario" time="194.318"/>
  <system-out/>
  <testcase classname="com.sat.TestRunner.AASCH_TestRunner" name="runScenario" time="62.650"/>
  <system-out/>
  <testcase classname="com.sat.TestRunner.AASCH_TestRunner" name="runScenario" time="191.090"/>
  <system-out/>
  <testcase classname="com.sat.TestRunner.AASCH_TestRunner" name="runScenario" time="111.434">
    <error message="timeout: Timed out receiving message from renderer: 49.565
  (Session info: chrome=114.0.5735.91)
Build info: version: &#039;3.141.59&#039;, revision: &#039;e82be7d358&#039;, time: &#039;2018-11-14T08:17:03&#039;
System info: host: &#039;A45318&#039;, ip: &#039;192.168.1.120&#039;, os.name: &#039;Windows 10&#039;, os.arch: &#039;amd64&#039;, os.version: &#039;10.0&#039;, java.version: &#039;17.0.7&#039;
Driver info: org.openqa.selenium.chrome.ChromeDriver
Capabilities {acceptInsecureCerts: false, browserName: chrome, browserVersion: 114.0.5735.91, chrome: {chromedriverVersion: 114.0.5735.90 (386bc09e8f4f..., userDataDir: C:\Users\NEHA~1.SAI\AppData...}, goog:chromeOptions: {debuggerAddress: localhost:60349}, javascriptEnabled: true, networkConnectionEnabled: false, pageLoadStrategy: normal, platform: WINDOWS, platformName: WINDOWS, proxy: Proxy(), setWindowRect: true, strictFileInteractability: false, timeouts: {implicit: 0, pageLoad: 300000, script: 30000}, unhandledPromptBehavior: dismiss and notify, webauthn:extension:credBlob: true, webauthn:extension:largeBlob: true, webauthn:extension:minPinLength: true, webauthn:extension:prf: true, webauthn:virtualAuthenticators: true}
Session ID: 9346f4be1c411216e9252a9ae6719b33" type="org.openqa.selenium.TimeoutException">
      <![CDATA[org.openqa.selenium.TimeoutException: timeout: Timed out receiving message from renderer: 49.565
  (Session info: chrome=114.0.5735.91)
Build info: version: '3.141.59', revision: 'e82be7d358', time: '2018-11-14T08:17:03'
System info: host: 'A45318', ip: '192.168.1.120', os.name: 'Windows 10', os.arch: 'amd64', os.version: '10.0', java.version: '17.0.7'
Driver info: org.openqa.selenium.chrome.ChromeDriver
Capabilities {acceptInsecureCerts: false, browserName: chrome, browserVersion: 114.0.5735.91, chrome: {chromedriverVersion: 114.0.5735.90 (386bc09e8f4f..., userDataDir: C:\Users\NEHA~1.SAI\AppData...}, goog:chromeOptions: {debuggerAddress: localhost:60349}, javascriptEnabled: true, networkConnectionEnabled: false, pageLoadStrategy: normal, platform: WINDOWS, platformName: WINDOWS, proxy: Proxy(), setWindowRect: true, strictFileInteractability: false, timeouts: {implicit: 0, pageLoad: 300000, script: 30000}, unhandledPromptBehavior: dismiss and notify, webauthn:extension:credBlob: true, webauthn:extension:largeBlob: true, webauthn:extension:minPinLength: true, webauthn:extension:prf: true, webauthn:virtualAuthenticators: true}
Session ID: 9346f4be1c411216e9252a9ae6719b33
at java.base/jdk.internal.reflect.NativeConstructorAccessorImpl.newInstance0(Native Method)
at java.base/jdk.internal.reflect.NativeConstructorAccessorImpl.newInstance(NativeConstructorAccessorImpl.java:77)
at java.base/jdk.internal.reflect.DelegatingConstructorAccessorImpl.newInstance(DelegatingConstructorAccessorImpl.java:45)
at java.base/java.lang.reflect.Constructor.newInstanceWithCaller(Constructor.java:499)
at java.base/java.lang.reflect.Constructor.newInstance(Constructor.java:480)
at org.openqa.selenium.remote.http.W3CHttpResponseCodec.createException(W3CHttpResponseCodec.java:187)
at org.openqa.selenium.remote.http.W3CHttpResponseCodec.decode(W3CHttpResponseCodec.java:122)
at org.openqa.selenium.remote.http.W3CHttpResponseCodec.decode(W3CHttpResponseCodec.java:49)
at org.openqa.selenium.remote.HttpCommandExecutor.execute(HttpCommandExecutor.java:158)
at org.openqa.selenium.remote.service.DriverCommandExecutor.execute(DriverCommandExecutor.java:83)
at org.openqa.selenium.remote.RemoteWebDriver.execute(RemoteWebDriver.java:552)
at org.openqa.selenium.remote.RemoteWebDriver.get(RemoteWebDriver.java:277)
at com.sat.StepDefinitions.MCMloginStepDef.user_Naviagte_to_MCMView_App(MCMloginStepDef.java:44)
at âœ½.User Navigate to MCMView App(file:///C:/Neha/HM_Automation-master/HM_Automation-master/src/test/resources/com.sat.Features/AASC_HM/149444_166628_166610_AASC_HM_Edit_Service_User_Add-Email_address_Done.feature:8)
]]>
    </error>
  </testcase> <!-- runScenario -->
  <system-out/>
  <testcase classname="com.sat.TestRunner.AASCH_TestRunner" name="runScenario" time="95.368"/>
  <system-out/>
  <testcase classname="com.sat.TestRunner.AASCH_TestRunner" name="runScenario" time="195.908"/>
  <system-out/>
  <testcase classname="com.sat.TestRunner.AASCH_TestRunner" name="runScenario" time="114.755"/>
  <system-out/>
  <testcase classname="com.sat.TestRunner.AASCH_TestRunner" name="runScenario" time="172.428"/>
  <system-out/>
  <testcase classname="com.sat.TestRunner.AASCH_TestRunner" name="runScenario" time="108.827"/>
  <system-out/>
  <testcase classname="com.sat.TestRunner.AASCH_TestRunner" name="runScenario" time="301.510"/>
  <system-out/>
  <testcase classname="com.sat.TestRunner.AASCH_TestRunner" name="runScenario" time="172.395"/>
  <system-out/>
  <testcase classname="com.sat.TestRunner.AASCH_TestRunner" name="runScenario" time="104.437"/>
  <system-out/>
  <testcase classname="com.sat.TestRunner.AASCH_TestRunner" name="runScenario" time="84.076"/>
  <system-out/>
</testsuite> <!-- com.sat.TestRunner.AASCH_TestRunner -->
